{"numFailedTestSuites":0,"numFailedTests":0,"numPassedTestSuites":1,"numPassedTests":1,"numPendingTestSuites":0,"numPendingTests":0,"numRuntimeErrorTestSuites":0,"numTodoTests":0,"numTotalTestSuites":1,"numTotalTests":1,"openHandles":[],"snapshot":{"added":0,"didUpdate":false,"failure":false,"filesAdded":0,"filesRemoved":0,"filesRemovedList":[],"filesUnmatched":0,"filesUpdated":0,"matched":0,"total":0,"unchecked":0,"uncheckedKeysByFile":[],"unmatched":0,"updated":0},"startTime":1593461535315,"success":true,"testResults":[{"assertionResults":[{"ancestorTitles":[" Login"],"failureMessages":[],"fullName":" Login should render successfully","location":null,"status":"passed","title":"should render successfully"}],"endTime":1593461542214,"message":"","name":"/Users/andreluisasantos/workspace/open-source/tioapp/libs/ui-components/src/lib/login/login.spec.tsx","startTime":1593461538037,"status":"passed","summary":""}],"wasInterrupted":false}